  EBO.cpp
  Main.cpp
C:\Users\GIFT IMUSEH\Documents\csc212-GRAPHIC_DESIGN\CSC212_Projects\OpenglProjectPyramid\EBO.h(4,9): error C1083: Cannot open include file: 'glad/glad.h': No such file or directory
  (compiling source file 'EBO.cpp')
  
C:\Users\GIFT IMUSEH\Documents\csc212-GRAPHIC_DESIGN\CSC212_Projects\OpenglProjectPyramid\Main.cpp(7,9): error C1083: Cannot open include file: 'glad/glad.h': No such file or directory
  shaderClass.cpp
C:\Users\GIFT IMUSEH\Documents\csc212-GRAPHIC_DESIGN\CSC212_Projects\OpenglProjectPyramid\shaderClass.h(4,9): error C1083: Cannot open include file: 'glad/glad.h': No such file or directory
  (compiling source file 'shaderClass.cpp')
  
  stb.cpp
C:\Users\GIFT IMUSEH\Documents\csc212-GRAPHIC_DESIGN\CSC212_Projects\OpenglProjectPyramid\stb.cpp(2,9): error C1083: Cannot open include file: 'stb/stb_image.h': No such file or directory
  Texture.cpp
C:\Users\GIFT IMUSEH\Documents\csc212-GRAPHIC_DESIGN\CSC212_Projects\OpenglProjectPyramid\Texture.h(4,9): error C1083: Cannot open include file: 'glad/glad.h': No such file or directory
  (compiling source file 'Texture.cpp')
  
  VAO.cpp
C:\Users\GIFT IMUSEH\Documents\csc212-GRAPHIC_DESIGN\CSC212_Projects\OpenglProjectPyramid\VAO.h(4,9): error C1083: Cannot open include file: 'glad/glad.h': No such file or directory
  (compiling source file 'VAO.cpp')
  
  VBO.cpp
C:\Users\GIFT IMUSEH\Documents\csc212-GRAPHIC_DESIGN\CSC212_Projects\OpenglProjectPyramid\VBO.h(4,9): error C1083: Cannot open include file: 'glad/glad.h': No such file or directory
  (compiling source file 'VBO.cpp')
  
  Generating Code...
